2014-12-06 13:12:39,657 ERROR [Worker-3] - System.err - SLF4J: Failed to load class "org.slf4j.impl.StaticLoggerBinder".
2014-12-06 13:12:39,672 ERROR [Worker-3] - System.err - SLF4J: Defaulting to no-operation (NOP) logger implementation
2014-12-06 13:12:39,672 ERROR [Worker-3] - System.err - SLF4J: See http://www.slf4j.org/codes.html#StaticLoggerBinder for further details.
2014-12-06 13:14:51,043  WARN [main] - org.scala-ide.sdt.core - org.scala-ide.sdt.core - org.scala-ide.sdt.core - 0 - ProgramExecutor actor <C:\My_Programs\Scala\eclipse\workspace\Hello\src\Greeter\WorkSheet.sc> self-healing...
java.lang.NullPointerException
	at org.scalaide.worksheet.editor.ScriptEditor$DefaultEditorProxy.org$scalaide$worksheet$editor$ScriptEditor$DefaultEditorProxy$$doc(ScriptEditor.scala:72)
	at org.scalaide.worksheet.editor.ScriptEditor$DefaultEditorProxy.getContents(ScriptEditor.scala:74)
	at org.scalaide.worksheet.runtime.IncrementalDocumentMixer.<init>(IncrementalDocumentMixer.scala:30)
	at org.scalaide.worksheet.runtime.IncrementalDocumentMixer$.apply(IncrementalDocumentMixer.scala:16)
	at org.scalaide.worksheet.runtime.ProgramExecutor$$anonfun$act$1$$anonfun$apply$2.applyOrElse(ProgramExecutor.scala:167)
	at scala.runtime.AbstractPartialFunction.apply(AbstractPartialFunction.scala:36)
	at scala.actors.ReactorTask.run(ReactorTask.scala:31)
	at scala.actors.Reactor$class.resumeReceiver(Reactor.scala:130)
	at org.scalaide.worksheet.runtime.ProgramExecutor.scala$actors$InternalReplyReactor$$super$resumeReceiver(ProgramExecutor.scala:100)
	at scala.actors.InternalReplyReactor$class.resumeReceiver(InternalReplyReactor.scala:60)
	at org.scalaide.worksheet.runtime.ProgramExecutor.resumeReceiver(ProgramExecutor.scala:100)
	at scala.actors.InternalActor$class.searchMailbox(InternalActor.scala:76)
	at org.scalaide.worksheet.runtime.ProgramExecutor.searchMailbox(ProgramExecutor.scala:100)
	at scala.actors.Reactor$$anonfun$startSearch$1$$anonfun$apply$mcV$sp$1.apply$mcV$sp(Reactor.scala:118)
	at scala.actors.Reactor$$anonfun$startSearch$1$$anonfun$apply$mcV$sp$1.apply(Reactor.scala:115)
	at scala.actors.Reactor$$anonfun$startSearch$1$$anonfun$apply$mcV$sp$1.apply(Reactor.scala:115)
	at scala.actors.ReactorTask.run(ReactorTask.scala:33)
	at scala.actors.ReactorTask.compute(ReactorTask.scala:63)
	at scala.concurrent.forkjoin.RecursiveAction.exec(RecursiveAction.java:160)
	at scala.concurrent.forkjoin.ForkJoinTask.doExec(ForkJoinTask.java:260)
	at scala.concurrent.forkjoin.ForkJoinPool$WorkQueue.runTask(ForkJoinPool.java:1339)
	at scala.concurrent.forkjoin.ForkJoinPool.runWorker(ForkJoinPool.java:1979)
	at scala.concurrent.forkjoin.ForkJoinWorkerThread.run(ForkJoinWorkerThread.java:107)
2014-12-11 20:35:58,550 ERROR [ForkJoinPool-1-worker-1] - System.err - IncrementalDocumentMixer <actor>: caught java.lang.ArrayIndexOutOfBoundsException: 39
2014-12-11 20:35:58,604 ERROR [ForkJoinPool-1-worker-1] - System.err - java.lang.ArrayIndexOutOfBoundsException: 39
2014-12-11 20:35:58,605 ERROR [ForkJoinPool-1-worker-1] - System.err - at org.scalaide.worksheet.text.Mixer$$anonfun$mix$2$$anonfun$1.apply(Mixer.scala:80)
2014-12-11 20:35:58,605 ERROR [ForkJoinPool-1-worker-1] - System.err - at org.scalaide.worksheet.text.Mixer$$anonfun$mix$2$$anonfun$1.apply(Mixer.scala:80)
2014-12-11 20:35:58,605 ERROR [ForkJoinPool-1-worker-1] - System.err - at scala.collection.immutable.Range.foreach(Range.scala:160)
2014-12-11 20:35:58,605 ERROR [ForkJoinPool-1-worker-1] - System.err - at org.scalaide.worksheet.text.Mixer$$anonfun$mix$2.apply(Mixer.scala:80)
2014-12-11 20:35:58,605 ERROR [ForkJoinPool-1-worker-1] - System.err - at org.scalaide.worksheet.text.Mixer$$anonfun$mix$2.apply(Mixer.scala:77)
2014-12-11 20:35:58,605 ERROR [ForkJoinPool-1-worker-1] - System.err - at scala.collection.TraversableLike$WithFilter$$anonfun$foreach$1.apply(TraversableLike.scala:778)
2014-12-11 20:35:58,605 ERROR [ForkJoinPool-1-worker-1] - System.err - at scala.collection.immutable.List.foreach(List.scala:381)
2014-12-11 20:35:58,605 ERROR [ForkJoinPool-1-worker-1] - System.err - at scala.collection.TraversableLike$WithFilter.foreach(TraversableLike.scala:777)
2014-12-11 20:35:58,605 ERROR [ForkJoinPool-1-worker-1] - System.err - at org.scalaide.worksheet.text.Mixer.mix(Mixer.scala:77)
2014-12-11 20:35:58,605 ERROR [ForkJoinPool-1-worker-1] - System.err - at org.scalaide.worksheet.runtime.IncrementalDocumentMixer.org$scalaide$worksheet$runtime$IncrementalDocumentMixer$$updateDocument(IncrementalDocumentMixer.scala:50)
2014-12-11 20:35:58,605 ERROR [ForkJoinPool-1-worker-1] - System.err - at org.scalaide.worksheet.runtime.IncrementalDocumentMixer$$anonfun$act$1$$anonfun$apply$1.applyOrElse(IncrementalDocumentMixer.scala:41)
2014-12-11 20:35:58,605 ERROR [ForkJoinPool-1-worker-1] - System.err - at scala.runtime.AbstractPartialFunction.apply(AbstractPartialFunction.scala:36)
2014-12-11 20:35:58,605 ERROR [ForkJoinPool-1-worker-1] - System.err - at scala.actors.ReactorTask.run(ReactorTask.scala:31)
2014-12-11 20:35:58,605 ERROR [ForkJoinPool-1-worker-1] - System.err - at scala.actors.Reactor$class.resumeReceiver(Reactor.scala:130)
2014-12-11 20:35:58,605 ERROR [ForkJoinPool-1-worker-1] - System.err - at org.scalaide.worksheet.runtime.IncrementalDocumentMixer.scala$actors$InternalReplyReactor$$super$resumeReceiver(IncrementalDocumentMixer.scala:27)
2014-12-11 20:35:58,605 ERROR [ForkJoinPool-1-worker-1] - System.err - at scala.actors.InternalReplyReactor$class.resumeReceiver(InternalReplyReactor.scala:60)
2014-12-11 20:35:58,605 ERROR [ForkJoinPool-1-worker-1] - System.err - at org.scalaide.worksheet.runtime.IncrementalDocumentMixer.resumeReceiver(IncrementalDocumentMixer.scala:27)
2014-12-11 20:35:58,605 ERROR [ForkJoinPool-1-worker-1] - System.err - at scala.actors.InternalActor$class.searchMailbox(InternalActor.scala:76)
2014-12-11 20:35:58,605 ERROR [ForkJoinPool-1-worker-1] - System.err - at org.scalaide.worksheet.runtime.IncrementalDocumentMixer.searchMailbox(IncrementalDocumentMixer.scala:27)
2014-12-11 20:35:58,605 ERROR [ForkJoinPool-1-worker-1] - System.err - at scala.actors.Reactor$$anonfun$startSearch$1$$anonfun$apply$mcV$sp$1.apply$mcV$sp(Reactor.scala:118)
2014-12-11 20:35:58,605 ERROR [ForkJoinPool-1-worker-1] - System.err - at scala.actors.Reactor$$anonfun$startSearch$1$$anonfun$apply$mcV$sp$1.apply(Reactor.scala:115)
2014-12-11 20:35:58,605 ERROR [ForkJoinPool-1-worker-1] - System.err - at scala.actors.Reactor$$anonfun$startSearch$1$$anonfun$apply$mcV$sp$1.apply(Reactor.scala:115)
2014-12-11 20:35:58,605 ERROR [ForkJoinPool-1-worker-1] - System.err - at scala.actors.ReactorTask.run(ReactorTask.scala:33)
2014-12-11 20:35:58,605 ERROR [ForkJoinPool-1-worker-1] - System.err - at scala.actors.ReactorTask.compute(ReactorTask.scala:63)
2014-12-11 20:35:58,605 ERROR [ForkJoinPool-1-worker-1] - System.err - at scala.concurrent.forkjoin.RecursiveAction.exec(RecursiveAction.java:160)
2014-12-11 20:35:58,605 ERROR [ForkJoinPool-1-worker-1] - System.err - at scala.concurrent.forkjoin.ForkJoinTask.doExec(ForkJoinTask.java:260)
2014-12-11 20:35:58,605 ERROR [ForkJoinPool-1-worker-1] - System.err - at scala.concurrent.forkjoin.ForkJoinPool$WorkQueue.runTask(ForkJoinPool.java:1339)
2014-12-11 20:35:58,605 ERROR [ForkJoinPool-1-worker-1] - System.err - at scala.concurrent.forkjoin.ForkJoinPool.runWorker(ForkJoinPool.java:1979)
2014-12-11 20:35:58,605 ERROR [ForkJoinPool-1-worker-1] - System.err - at scala.concurrent.forkjoin.ForkJoinWorkerThread.run(ForkJoinWorkerThread.java:107)
2014-12-11 20:36:47,736  WARN [ModalContext] - ImplicitHighlightingPresenter - Timeout while waiting for `askLoadedTyped` during implicit highlighting.
